<?xml version="1.0" encoding="UTF-8"?>
<!-- Generated by org.testng.reporters.JUnitReportReporter -->
<testsuite hostname="DESKTOP-J6DA9UM" failures="0" tests="3" name="testing_for_Automationteststore.login" time="15.367" errors="0" timestamp="2025-07-14T11:57:37 GMT+03:00" skipped="0">
  <testcase classname="testing_for_Automationteststore.login" name="SignUp" time="11.116"/>
  <testcase classname="testing_for_Automationteststore.login" name="logout" time="2.917"/>
  <testcase classname="testing_for_Automationteststore.login" name="Login" time="1.334"/>
</testsuite> <!-- testing_for_Automationteststore.login -->
