<?xml version="1.0" encoding="UTF-8"?>
<!-- Generated by org.testng.reporters.JUnitReportReporter -->
<testsuite hostname="DESKTOP-J6DA9UM" failures="0" tests="4" name="testing_for_Automationteststore.login" time="22.863" errors="0" timestamp="2025-07-20T13:08:34 GMT+03:00" skipped="1">
  <testcase classname="testing_for_Automationteststore.login" name="SignUp" time="17.172"/>
  <testcase classname="testing_for_Automationteststore.login" name="logoff" time="3.206"/>
  <testcase classname="testing_for_Automationteststore.login" name="Login" time="2.485"/>
  <testcase classname="testing_for_Automationteststore.login" name="addItemToTheCart">
    <skipped/>
  </testcase> <!-- addItemToTheCart -->
</testsuite> <!-- testing_for_Automationteststore.login -->
