<?xml version="1.0" encoding="UTF-8"?>
<!-- Generated by org.testng.reporters.JUnitReportReporter -->
<testsuite hostname="DESKTOP-J6DA9UM" failures="0" tests="1" name="testing_for_Automationteststore.login" time="5.571" errors="0" timestamp="2025-07-13T06:30:58 GMT+03:00" skipped="0">
  <testcase classname="testing_for_Automationteststore.login" name="SignUp" time="5.571"/>
</testsuite> <!-- testing_for_Automationteststore.login -->
